\BOOKMARK [0][-]{chapter.1}{The Essentials}{}% 1
\BOOKMARK [1][-]{section.1.1}{Python}{chapter.1}% 2
\BOOKMARK [2][-]{subsection.1.1.1}{Why Python?}{section.1.1}% 3
\BOOKMARK [2][-]{subsection.1.1.2}{The Python Must have}{section.1.1}% 4
\BOOKMARK [1][-]{section.1.2}{wxPython: The GUI toolkit}{chapter.1}% 5
\BOOKMARK [0][-]{chapter.2}{The Theory}{}% 6
\BOOKMARK [1][-]{section.2.1}{Signal-to-Noise Ratio \(SNR\)}{chapter.2}% 7
\BOOKMARK [1][-]{section.2.2}{The Waveform}{chapter.2}% 8
\BOOKMARK [1][-]{section.2.3}{Detectors}{chapter.2}% 9
\BOOKMARK [2][-]{subsection.2.3.1}{Evolution}{section.2.3}% 10
\BOOKMARK [2][-]{subsection.2.3.2}{Antenna Pattern}{section.2.3}% 11
\BOOKMARK [2][-]{subsection.2.3.3}{Main Noise Sources}{section.2.3}% 12
\BOOKMARK [1][-]{section.2.4}{Sky Source}{chapter.2}% 13
\BOOKMARK [1][-]{section.2.5}{Network}{chapter.2}% 14
\BOOKMARK [0][-]{chapter.3}{Real Noise}{}% 15
\BOOKMARK [1][-]{section.3.1}{Quadruple Suspension Design for Advanced LIGO}{chapter.3}% 16
\BOOKMARK [0][-]{chapter.4}{The GUI}{}% 17
\BOOKMARK [1][-]{section.4.1}{Putting it all together}{chapter.4}% 18
\BOOKMARK [1][-]{section.4.2}{Assumptions}{chapter.4}% 19
\BOOKMARK [1][-]{section.4.3}{Future Work}{chapter.4}% 20
